<?xml version="1.0" encoding="UTF-8"?>
<robot generator="Robot 4.0.3 (Python 3.8.8 on win32)" generated="20210606 18:24:34.279" rpa="false" schemaversion="2">
<suite id="s1" name="Collection of calculator tests">
<suite id="s1-s1" name="additionTest" source="C:\Users\cholo\Desktop\Praca\Robot\Praca domowa\additionTest.robot">
<test id="s1-s1-t1" name="Addition Test">
<kw name="Addition">
<arg>2</arg>
<arg>2</arg>
<arg>4</arg>
<kw name="Add two numbers" library="keywords">
<arg>${num_a}</arg>
<arg>${num_b}</arg>
<kw name="Add Numbers" library="CallCalculator">
<arg>${num_a}</arg>
<arg>${num_b}</arg>
<status status="PASS" starttime="20210606 18:24:34.440" endtime="20210606 18:24:34.441"/>
</kw>
<status status="PASS" starttime="20210606 18:24:34.439" endtime="20210606 18:24:34.441"/>
</kw>
<kw name="Result should be" library="keywords">
<arg>${expected}</arg>
<kw name="Check Result" library="CallCalculator">
<arg>${expected}</arg>
<status status="PASS" starttime="20210606 18:24:34.441" endtime="20210606 18:24:34.441"/>
</kw>
<status status="PASS" starttime="20210606 18:24:34.441" endtime="20210606 18:24:34.441"/>
</kw>
<kw name="Clear Calculator" library="keywords">
<kw name="Clear Result" library="CallCalculator">
<status status="PASS" starttime="20210606 18:24:34.442" endtime="20210606 18:24:34.442"/>
</kw>
<status status="PASS" starttime="20210606 18:24:34.442" endtime="20210606 18:24:34.442"/>
</kw>
<status status="PASS" starttime="20210606 18:24:34.439" endtime="20210606 18:24:34.442"/>
</kw>
<kw name="Addition">
<arg>1</arg>
<arg>1</arg>
<arg>2</arg>
<kw name="Add two numbers" library="keywords">
<arg>${num_a}</arg>
<arg>${num_b}</arg>
<kw name="Add Numbers" library="CallCalculator">
<arg>${num_a}</arg>
<arg>${num_b}</arg>
<status status="PASS" starttime="20210606 18:24:34.443" endtime="20210606 18:24:34.443"/>
</kw>
<status status="PASS" starttime="20210606 18:24:34.443" endtime="20210606 18:24:34.443"/>
</kw>
<kw name="Result should be" library="keywords">
<arg>${expected}</arg>
<kw name="Check Result" library="CallCalculator">
<arg>${expected}</arg>
<status status="PASS" starttime="20210606 18:24:34.444" endtime="20210606 18:24:34.444"/>
</kw>
<status status="PASS" starttime="20210606 18:24:34.443" endtime="20210606 18:24:34.444"/>
</kw>
<kw name="Clear Calculator" library="keywords">
<kw name="Clear Result" library="CallCalculator">
<status status="PASS" starttime="20210606 18:24:34.444" endtime="20210606 18:24:34.444"/>
</kw>
<status status="PASS" starttime="20210606 18:24:34.444" endtime="20210606 18:24:34.444"/>
</kw>
<status status="PASS" starttime="20210606 18:24:34.442" endtime="20210606 18:24:34.444"/>
</kw>
<kw name="Addition">
<arg>0</arg>
<arg>1</arg>
<arg>1</arg>
<kw name="Add two numbers" library="keywords">
<arg>${num_a}</arg>
<arg>${num_b}</arg>
<kw name="Add Numbers" library="CallCalculator">
<arg>${num_a}</arg>
<arg>${num_b}</arg>
<status status="PASS" starttime="20210606 18:24:34.445" endtime="20210606 18:24:34.446"/>
</kw>
<status status="PASS" starttime="20210606 18:24:34.445" endtime="20210606 18:24:34.446"/>
</kw>
<kw name="Result should be" library="keywords">
<arg>${expected}</arg>
<kw name="Check Result" library="CallCalculator">
<arg>${expected}</arg>
<status status="PASS" starttime="20210606 18:24:34.446" endtime="20210606 18:24:34.446"/>
</kw>
<status status="PASS" starttime="20210606 18:24:34.446" endtime="20210606 18:24:34.446"/>
</kw>
<kw name="Clear Calculator" library="keywords">
<kw name="Clear Result" library="CallCalculator">
<status status="PASS" starttime="20210606 18:24:34.447" endtime="20210606 18:24:34.447"/>
</kw>
<status status="PASS" starttime="20210606 18:24:34.446" endtime="20210606 18:24:34.447"/>
</kw>
<status status="PASS" starttime="20210606 18:24:34.445" endtime="20210606 18:24:34.447"/>
</kw>
<kw name="Addition">
<arg>1</arg>
<arg>0</arg>
<arg>1</arg>
<kw name="Add two numbers" library="keywords">
<arg>${num_a}</arg>
<arg>${num_b}</arg>
<kw name="Add Numbers" library="CallCalculator">
<arg>${num_a}</arg>
<arg>${num_b}</arg>
<status status="PASS" starttime="20210606 18:24:34.447" endtime="20210606 18:24:34.448"/>
</kw>
<status status="PASS" starttime="20210606 18:24:34.447" endtime="20210606 18:24:34.448"/>
</kw>
<kw name="Result should be" library="keywords">
<arg>${expected}</arg>
<kw name="Check Result" library="CallCalculator">
<arg>${expected}</arg>
<status status="PASS" starttime="20210606 18:24:34.448" endtime="20210606 18:24:34.448"/>
</kw>
<status status="PASS" starttime="20210606 18:24:34.448" endtime="20210606 18:24:34.448"/>
</kw>
<kw name="Clear Calculator" library="keywords">
<kw name="Clear Result" library="CallCalculator">
<status status="PASS" starttime="20210606 18:24:34.448" endtime="20210606 18:24:34.449"/>
</kw>
<status status="PASS" starttime="20210606 18:24:34.448" endtime="20210606 18:24:34.449"/>
</kw>
<status status="PASS" starttime="20210606 18:24:34.447" endtime="20210606 18:24:34.449"/>
</kw>
<kw name="Addition">
<arg>-1</arg>
<arg>1</arg>
<arg>0</arg>
<kw name="Add two numbers" library="keywords">
<arg>${num_a}</arg>
<arg>${num_b}</arg>
<kw name="Add Numbers" library="CallCalculator">
<arg>${num_a}</arg>
<arg>${num_b}</arg>
<status status="PASS" starttime="20210606 18:24:34.451" endtime="20210606 18:24:34.451"/>
</kw>
<status status="PASS" starttime="20210606 18:24:34.450" endtime="20210606 18:24:34.451"/>
</kw>
<kw name="Result should be" library="keywords">
<arg>${expected}</arg>
<kw name="Check Result" library="CallCalculator">
<arg>${expected}</arg>
<status status="PASS" starttime="20210606 18:24:34.451" endtime="20210606 18:24:34.451"/>
</kw>
<status status="PASS" starttime="20210606 18:24:34.451" endtime="20210606 18:24:34.451"/>
</kw>
<kw name="Clear Calculator" library="keywords">
<kw name="Clear Result" library="CallCalculator">
<status status="PASS" starttime="20210606 18:24:34.452" endtime="20210606 18:24:34.452"/>
</kw>
<status status="PASS" starttime="20210606 18:24:34.452" endtime="20210606 18:24:34.452"/>
</kw>
<status status="PASS" starttime="20210606 18:24:34.450" endtime="20210606 18:24:34.452"/>
</kw>
<kw name="Addition">
<arg>-1</arg>
<arg>-1</arg>
<arg>-2</arg>
<kw name="Add two numbers" library="keywords">
<arg>${num_a}</arg>
<arg>${num_b}</arg>
<kw name="Add Numbers" library="CallCalculator">
<arg>${num_a}</arg>
<arg>${num_b}</arg>
<status status="PASS" starttime="20210606 18:24:34.453" endtime="20210606 18:24:34.454"/>
</kw>
<status status="PASS" starttime="20210606 18:24:34.453" endtime="20210606 18:24:34.454"/>
</kw>
<kw name="Result should be" library="keywords">
<arg>${expected}</arg>
<kw name="Check Result" library="CallCalculator">
<arg>${expected}</arg>
<status status="PASS" starttime="20210606 18:24:34.454" endtime="20210606 18:24:34.454"/>
</kw>
<status status="PASS" starttime="20210606 18:24:34.454" endtime="20210606 18:24:34.455"/>
</kw>
<kw name="Clear Calculator" library="keywords">
<kw name="Clear Result" library="CallCalculator">
<status status="PASS" starttime="20210606 18:24:34.455" endtime="20210606 18:24:34.455"/>
</kw>
<status status="PASS" starttime="20210606 18:24:34.455" endtime="20210606 18:24:34.455"/>
</kw>
<status status="PASS" starttime="20210606 18:24:34.452" endtime="20210606 18:24:34.456"/>
</kw>
<kw name="Addition">
<arg>0</arg>
<arg>0</arg>
<arg>0</arg>
<kw name="Add two numbers" library="keywords">
<arg>${num_a}</arg>
<arg>${num_b}</arg>
<kw name="Add Numbers" library="CallCalculator">
<arg>${num_a}</arg>
<arg>${num_b}</arg>
<status status="PASS" starttime="20210606 18:24:34.457" endtime="20210606 18:24:34.457"/>
</kw>
<status status="PASS" starttime="20210606 18:24:34.456" endtime="20210606 18:24:34.457"/>
</kw>
<kw name="Result should be" library="keywords">
<arg>${expected}</arg>
<kw name="Check Result" library="CallCalculator">
<arg>${expected}</arg>
<status status="PASS" starttime="20210606 18:24:34.458" endtime="20210606 18:24:34.458"/>
</kw>
<status status="PASS" starttime="20210606 18:24:34.457" endtime="20210606 18:24:34.458"/>
</kw>
<kw name="Clear Calculator" library="keywords">
<kw name="Clear Result" library="CallCalculator">
<status status="PASS" starttime="20210606 18:24:34.458" endtime="20210606 18:24:34.458"/>
</kw>
<status status="PASS" starttime="20210606 18:24:34.458" endtime="20210606 18:24:34.459"/>
</kw>
<status status="PASS" starttime="20210606 18:24:34.456" endtime="20210606 18:24:34.459"/>
</kw>
<tag>Smoke</tag>
<status status="PASS" starttime="20210606 18:24:34.437" endtime="20210606 18:24:34.459"/>
</test>
<doc>Test Suite to test adding two numbers</doc>
<status status="PASS" starttime="20210606 18:24:34.301" endtime="20210606 18:24:34.460"/>
</suite>
<suite id="s1-s2" name="subtractionTest" source="C:\Users\cholo\Desktop\Praca\Robot\Praca domowa\subtractionTest.robot">
<test id="s1-s2-t1" name="Subtraction Test">
<kw name="Subtraction">
<arg>2</arg>
<arg>2</arg>
<arg>0</arg>
<kw name="Sub two numbers" library="keywords">
<arg>${num_a}</arg>
<arg>${num_b}</arg>
<kw name="Sub Numbers" library="CallCalculator">
<arg>${num_a}</arg>
<arg>${num_b}</arg>
<status status="PASS" starttime="20210606 18:24:34.469" endtime="20210606 18:24:34.469"/>
</kw>
<status status="PASS" starttime="20210606 18:24:34.469" endtime="20210606 18:24:34.469"/>
</kw>
<kw name="Result should be" library="keywords">
<arg>${expected}</arg>
<kw name="Check Result" library="CallCalculator">
<arg>${expected}</arg>
<status status="PASS" starttime="20210606 18:24:34.470" endtime="20210606 18:24:34.470"/>
</kw>
<status status="PASS" starttime="20210606 18:24:34.470" endtime="20210606 18:24:34.470"/>
</kw>
<kw name="Clear Calculator" library="keywords">
<kw name="Clear Result" library="CallCalculator">
<status status="PASS" starttime="20210606 18:24:34.470" endtime="20210606 18:24:34.471"/>
</kw>
<status status="PASS" starttime="20210606 18:24:34.470" endtime="20210606 18:24:34.471"/>
</kw>
<status status="PASS" starttime="20210606 18:24:34.468" endtime="20210606 18:24:34.471"/>
</kw>
<kw name="Subtraction">
<arg>1</arg>
<arg>1</arg>
<arg>0</arg>
<kw name="Sub two numbers" library="keywords">
<arg>${num_a}</arg>
<arg>${num_b}</arg>
<kw name="Sub Numbers" library="CallCalculator">
<arg>${num_a}</arg>
<arg>${num_b}</arg>
<status status="PASS" starttime="20210606 18:24:34.472" endtime="20210606 18:24:34.473"/>
</kw>
<status status="PASS" starttime="20210606 18:24:34.472" endtime="20210606 18:24:34.473"/>
</kw>
<kw name="Result should be" library="keywords">
<arg>${expected}</arg>
<kw name="Check Result" library="CallCalculator">
<arg>${expected}</arg>
<status status="PASS" starttime="20210606 18:24:34.473" endtime="20210606 18:24:34.473"/>
</kw>
<status status="PASS" starttime="20210606 18:24:34.473" endtime="20210606 18:24:34.474"/>
</kw>
<kw name="Clear Calculator" library="keywords">
<kw name="Clear Result" library="CallCalculator">
<status status="PASS" starttime="20210606 18:24:34.474" endtime="20210606 18:24:34.474"/>
</kw>
<status status="PASS" starttime="20210606 18:24:34.474" endtime="20210606 18:24:34.474"/>
</kw>
<status status="PASS" starttime="20210606 18:24:34.471" endtime="20210606 18:24:34.474"/>
</kw>
<kw name="Subtraction">
<arg>0</arg>
<arg>1</arg>
<arg>-1</arg>
<kw name="Sub two numbers" library="keywords">
<arg>${num_a}</arg>
<arg>${num_b}</arg>
<kw name="Sub Numbers" library="CallCalculator">
<arg>${num_a}</arg>
<arg>${num_b}</arg>
<status status="PASS" starttime="20210606 18:24:34.475" endtime="20210606 18:24:34.476"/>
</kw>
<status status="PASS" starttime="20210606 18:24:34.475" endtime="20210606 18:24:34.476"/>
</kw>
<kw name="Result should be" library="keywords">
<arg>${expected}</arg>
<kw name="Check Result" library="CallCalculator">
<arg>${expected}</arg>
<status status="PASS" starttime="20210606 18:24:34.476" endtime="20210606 18:24:34.476"/>
</kw>
<status status="PASS" starttime="20210606 18:24:34.476" endtime="20210606 18:24:34.476"/>
</kw>
<kw name="Clear Calculator" library="keywords">
<kw name="Clear Result" library="CallCalculator">
<status status="PASS" starttime="20210606 18:24:34.477" endtime="20210606 18:24:34.477"/>
</kw>
<status status="PASS" starttime="20210606 18:24:34.476" endtime="20210606 18:24:34.477"/>
</kw>
<status status="PASS" starttime="20210606 18:24:34.475" endtime="20210606 18:24:34.477"/>
</kw>
<kw name="Subtraction">
<arg>1</arg>
<arg>0</arg>
<arg>1</arg>
<kw name="Sub two numbers" library="keywords">
<arg>${num_a}</arg>
<arg>${num_b}</arg>
<kw name="Sub Numbers" library="CallCalculator">
<arg>${num_a}</arg>
<arg>${num_b}</arg>
<status status="PASS" starttime="20210606 18:24:34.478" endtime="20210606 18:24:34.478"/>
</kw>
<status status="PASS" starttime="20210606 18:24:34.478" endtime="20210606 18:24:34.479"/>
</kw>
<kw name="Result should be" library="keywords">
<arg>${expected}</arg>
<kw name="Check Result" library="CallCalculator">
<arg>${expected}</arg>
<status status="PASS" starttime="20210606 18:24:34.479" endtime="20210606 18:24:34.479"/>
</kw>
<status status="PASS" starttime="20210606 18:24:34.479" endtime="20210606 18:24:34.479"/>
</kw>
<kw name="Clear Calculator" library="keywords">
<kw name="Clear Result" library="CallCalculator">
<status status="PASS" starttime="20210606 18:24:34.479" endtime="20210606 18:24:34.480"/>
</kw>
<status status="PASS" starttime="20210606 18:24:34.479" endtime="20210606 18:24:34.480"/>
</kw>
<status status="PASS" starttime="20210606 18:24:34.478" endtime="20210606 18:24:34.480"/>
</kw>
<kw name="Subtraction">
<arg>-1</arg>
<arg>1</arg>
<arg>-2</arg>
<kw name="Sub two numbers" library="keywords">
<arg>${num_a}</arg>
<arg>${num_b}</arg>
<kw name="Sub Numbers" library="CallCalculator">
<arg>${num_a}</arg>
<arg>${num_b}</arg>
<status status="PASS" starttime="20210606 18:24:34.481" endtime="20210606 18:24:34.481"/>
</kw>
<status status="PASS" starttime="20210606 18:24:34.480" endtime="20210606 18:24:34.482"/>
</kw>
<kw name="Result should be" library="keywords">
<arg>${expected}</arg>
<kw name="Check Result" library="CallCalculator">
<arg>${expected}</arg>
<status status="PASS" starttime="20210606 18:24:34.482" endtime="20210606 18:24:34.482"/>
</kw>
<status status="PASS" starttime="20210606 18:24:34.482" endtime="20210606 18:24:34.482"/>
</kw>
<kw name="Clear Calculator" library="keywords">
<kw name="Clear Result" library="CallCalculator">
<status status="PASS" starttime="20210606 18:24:34.483" endtime="20210606 18:24:34.483"/>
</kw>
<status status="PASS" starttime="20210606 18:24:34.483" endtime="20210606 18:24:34.483"/>
</kw>
<status status="PASS" starttime="20210606 18:24:34.480" endtime="20210606 18:24:34.483"/>
</kw>
<kw name="Subtraction">
<arg>-1</arg>
<arg>-1</arg>
<arg>0</arg>
<kw name="Sub two numbers" library="keywords">
<arg>${num_a}</arg>
<arg>${num_b}</arg>
<kw name="Sub Numbers" library="CallCalculator">
<arg>${num_a}</arg>
<arg>${num_b}</arg>
<status status="PASS" starttime="20210606 18:24:34.484" endtime="20210606 18:24:34.484"/>
</kw>
<status status="PASS" starttime="20210606 18:24:34.484" endtime="20210606 18:24:34.485"/>
</kw>
<kw name="Result should be" library="keywords">
<arg>${expected}</arg>
<kw name="Check Result" library="CallCalculator">
<arg>${expected}</arg>
<status status="PASS" starttime="20210606 18:24:34.485" endtime="20210606 18:24:34.485"/>
</kw>
<status status="PASS" starttime="20210606 18:24:34.485" endtime="20210606 18:24:34.485"/>
</kw>
<kw name="Clear Calculator" library="keywords">
<kw name="Clear Result" library="CallCalculator">
<status status="PASS" starttime="20210606 18:24:34.485" endtime="20210606 18:24:34.486"/>
</kw>
<status status="PASS" starttime="20210606 18:24:34.485" endtime="20210606 18:24:34.486"/>
</kw>
<status status="PASS" starttime="20210606 18:24:34.484" endtime="20210606 18:24:34.486"/>
</kw>
<kw name="Subtraction">
<arg>0</arg>
<arg>0</arg>
<arg>0</arg>
<kw name="Sub two numbers" library="keywords">
<arg>${num_a}</arg>
<arg>${num_b}</arg>
<kw name="Sub Numbers" library="CallCalculator">
<arg>${num_a}</arg>
<arg>${num_b}</arg>
<status status="PASS" starttime="20210606 18:24:34.487" endtime="20210606 18:24:34.487"/>
</kw>
<status status="PASS" starttime="20210606 18:24:34.487" endtime="20210606 18:24:34.488"/>
</kw>
<kw name="Result should be" library="keywords">
<arg>${expected}</arg>
<kw name="Check Result" library="CallCalculator">
<arg>${expected}</arg>
<status status="PASS" starttime="20210606 18:24:34.488" endtime="20210606 18:24:34.489"/>
</kw>
<status status="PASS" starttime="20210606 18:24:34.488" endtime="20210606 18:24:34.489"/>
</kw>
<kw name="Clear Calculator" library="keywords">
<kw name="Clear Result" library="CallCalculator">
<status status="PASS" starttime="20210606 18:24:34.489" endtime="20210606 18:24:34.489"/>
</kw>
<status status="PASS" starttime="20210606 18:24:34.489" endtime="20210606 18:24:34.489"/>
</kw>
<status status="PASS" starttime="20210606 18:24:34.486" endtime="20210606 18:24:34.489"/>
</kw>
<tag>Smoke</tag>
<status status="PASS" starttime="20210606 18:24:34.468" endtime="20210606 18:24:34.490"/>
</test>
<doc>Test Suite to test substracting two numbers</doc>
<status status="PASS" starttime="20210606 18:24:34.462" endtime="20210606 18:24:34.491"/>
</suite>
<status status="PASS" starttime="20210606 18:24:34.281" endtime="20210606 18:24:34.493"/>
</suite>
<statistics>
<total>
<stat pass="2" fail="0" skip="0">All Tests</stat>
</total>
<tag>
<stat pass="2" fail="0" skip="0">Smoke</stat>
</tag>
<suite>
<stat pass="2" fail="0" skip="0" id="s1" name="Collection of calculator tests">Collection of calculator tests</stat>
<stat pass="1" fail="0" skip="0" id="s1-s1" name="additionTest">Collection of calculator tests.additionTest</stat>
<stat pass="1" fail="0" skip="0" id="s1-s2" name="subtractionTest">Collection of calculator tests.subtractionTest</stat>
</suite>
</statistics>
<errors>
</errors>
</robot>
